<?xml version="1.0" encoding="UTF-8"?><testsuite errors="0" failures="0" name="API --Auth -- Login a User--  post---  /user/login" skipped="9" tests="9" time="4.51" timestamp="2020-06-05 07:45:33"><testcase name="Login with valid registered user details as a seller"><skipped/></testcase><testcase name="Login with valid registered user details as a Vendor"><skipped/></testcase><testcase name="User wants to enter the system without following the valid field credentials"><skipped/></testcase><testcase name="We create a login scenario that is used by all api for testing their functionality"><skipped/></testcase></testsuite>